  ConsoleApplication2.cpp
C:\Users\Роман\Desktop\лаба 15-16\ConsoleApplication1\ConsoleApplication2\ConsoleApplication2.cpp(9,10): warning C4477: "scanf_s": в строке форматирования "%hd" требуется аргумент типа "short *", но вариативный аргумент "1" имеет тип "int *"
C:\Users\Роман\Desktop\лаба 15-16\ConsoleApplication1\ConsoleApplication2\ConsoleApplication2.cpp(9,10): message : рекомендуется использовать "%d" в строке форматирования
C:\Users\Роман\Desktop\лаба 15-16\ConsoleApplication1\ConsoleApplication2\ConsoleApplication2.cpp(9,10): message : рекомендуется использовать "%Id" в строке форматирования
C:\Users\Роман\Desktop\лаба 15-16\ConsoleApplication1\ConsoleApplication2\ConsoleApplication2.cpp(9,10): message : рекомендуется использовать "%I32d" в строке форматирования
C:\Users\Роман\Desktop\лаба 15-16\ConsoleApplication1\ConsoleApplication2\ConsoleApplication2.cpp(11,10): warning C4477: "scanf_s": в строке форматирования "%hd" требуется аргумент типа "short *", но вариативный аргумент "1" имеет тип "int *"
C:\Users\Роман\Desktop\лаба 15-16\ConsoleApplication1\ConsoleApplication2\ConsoleApplication2.cpp(11,10): message : рекомендуется использовать "%d" в строке форматирования
C:\Users\Роман\Desktop\лаба 15-16\ConsoleApplication1\ConsoleApplication2\ConsoleApplication2.cpp(11,10): message : рекомендуется использовать "%Id" в строке форматирования
C:\Users\Роман\Desktop\лаба 15-16\ConsoleApplication1\ConsoleApplication2\ConsoleApplication2.cpp(11,10): message : рекомендуется использовать "%I32d" в строке форматирования
C:\Users\Роман\Desktop\лаба 15-16\ConsoleApplication1\ConsoleApplication2\ConsoleApplication2.cpp(13,10): warning C4477: "scanf_s": в строке форматирования "%hd" требуется аргумент типа "short *", но вариативный аргумент "1" имеет тип "int *"
C:\Users\Роман\Desktop\лаба 15-16\ConsoleApplication1\ConsoleApplication2\ConsoleApplication2.cpp(13,10): message : рекомендуется использовать "%d" в строке форматирования
C:\Users\Роман\Desktop\лаба 15-16\ConsoleApplication1\ConsoleApplication2\ConsoleApplication2.cpp(13,10): message : рекомендуется использовать "%Id" в строке форматирования
C:\Users\Роман\Desktop\лаба 15-16\ConsoleApplication1\ConsoleApplication2\ConsoleApplication2.cpp(13,10): message : рекомендуется использовать "%I32d" в строке форматирования
C:\Users\Роман\Desktop\лаба 15-16\ConsoleApplication1\ConsoleApplication2\ConsoleApplication2.cpp(15,10): warning C4477: "scanf_s": в строке форматирования "%hd" требуется аргумент типа "short *", но вариативный аргумент "1" имеет тип "int *"
C:\Users\Роман\Desktop\лаба 15-16\ConsoleApplication1\ConsoleApplication2\ConsoleApplication2.cpp(15,10): message : рекомендуется использовать "%d" в строке форматирования
C:\Users\Роман\Desktop\лаба 15-16\ConsoleApplication1\ConsoleApplication2\ConsoleApplication2.cpp(15,10): message : рекомендуется использовать "%Id" в строке форматирования
C:\Users\Роман\Desktop\лаба 15-16\ConsoleApplication1\ConsoleApplication2\ConsoleApplication2.cpp(15,10): message : рекомендуется использовать "%I32d" в строке форматирования
C:\Users\Роман\Desktop\лаба 15-16\ConsoleApplication1\ConsoleApplication2\ConsoleApplication2.cpp(17,10): warning C4477: "scanf_s": в строке форматирования "%hd" требуется аргумент типа "short *", но вариативный аргумент "1" имеет тип "int *"
C:\Users\Роман\Desktop\лаба 15-16\ConsoleApplication1\ConsoleApplication2\ConsoleApplication2.cpp(17,10): message : рекомендуется использовать "%d" в строке форматирования
C:\Users\Роман\Desktop\лаба 15-16\ConsoleApplication1\ConsoleApplication2\ConsoleApplication2.cpp(17,10): message : рекомендуется использовать "%Id" в строке форматирования
C:\Users\Роман\Desktop\лаба 15-16\ConsoleApplication1\ConsoleApplication2\ConsoleApplication2.cpp(17,10): message : рекомендуется использовать "%I32d" в строке форматирования
C:\Users\Роман\Desktop\лаба 15-16\ConsoleApplication1\ConsoleApplication2\ConsoleApplication2.cpp(19,10): warning C4477: "scanf_s": в строке форматирования "%hd" требуется аргумент типа "short *", но вариативный аргумент "1" имеет тип "int *"
C:\Users\Роман\Desktop\лаба 15-16\ConsoleApplication1\ConsoleApplication2\ConsoleApplication2.cpp(19,10): message : рекомендуется использовать "%d" в строке форматирования
C:\Users\Роман\Desktop\лаба 15-16\ConsoleApplication1\ConsoleApplication2\ConsoleApplication2.cpp(19,10): message : рекомендуется использовать "%Id" в строке форматирования
C:\Users\Роман\Desktop\лаба 15-16\ConsoleApplication1\ConsoleApplication2\ConsoleApplication2.cpp(19,10): message : рекомендуется использовать "%I32d" в строке форматирования
  ConsoleApplication2.vcxproj -> C:\Users\Роман\Desktop\лаба 15-16\ConsoleApplication1\Debug\ConsoleApplication2.exe
